<?xml version="1.0" encoding="UTF-8"?>
<!-- Generated by org.testng.reporters.JUnitReportReporter -->
<testsuite hostname="Sumits-MacBook-Pro.local" failures="0" tests="4" name="testcases.LoginTest" time="97.872" errors="0" timestamp="2022-08-08T18:38:10 IST" skipped="0">
  <testcase classname="testcases.LoginTest" name="LoginFaliureTest" time="21.874"/>
  <system-out/>
  <testcase classname="testcases.LoginTest" name="ExternalDataTest" time="22.854"/>
  <system-out/>
  <testcase classname="testcases.LoginTest" name="ParameterizedTest" time="29.583"/>
  <system-out/>
  <testcase classname="testcases.LoginTest" name="LoginSuccessTest" time="23.561"/>
  <system-out/>
</testsuite> <!-- testcases.LoginTest -->
