<?xml version="1.0" encoding="UTF-8"?>
<!-- Generated by org.testng.reporters.JUnitReportReporter -->
<testsuite hostname="Sumits-MacBook-Pro.local" failures="0" tests="4" name="testcases.LoginTest" time="94.263" errors="0" timestamp="2022-08-09T06:54:16 IST" skipped="0">
  <testcase classname="testcases.LoginTest" name="LoginFaliureTest" time="21.877"/>
  <system-out/>
  <testcase classname="testcases.LoginTest" name="LoginSuccessTest" time="24.091"/>
  <system-out/>
  <testcase classname="testcases.LoginTest" name="ExternalDataTest" time="22.628"/>
  <system-out/>
  <testcase classname="testcases.LoginTest" name="ParameterizedTest" time="25.667"/>
  <system-out/>
</testsuite> <!-- testcases.LoginTest -->
